******************************
BB: 1, left_players: 2, pool_possess: 300, max_bet: 200
public_cards: 
******************************
BB: 0, left_players: 2, pool_possess: 300, max_bet: 200
public_cards: 
************************************************************
************************************************************
************************************************************
************************************************************
************************************************************
************************************************************
************************************************************
************************************************************
************************************************************
************************************************************
************************************************************
************************************************************
************************************************************
************************************************************
************************************************************
************************************************************
************************************************************
************************************************************
************************************************************
************************************************************
************************************************************
************************************************************
************************************************************
************************************************************
************************************************************
************************************************************
************************************************************
************************************************************
************************************************************
************************************************************
************************************************************
************************************************************
************************************************************
************************************************************
************************************************************
************************************************************
************************************************************
************************************************************
************************************************************
************************************************************
************************************************************
************************************************************
************************************************************
************************************************************
************************************************************
************************************************************
************************************************************
************************************************************
************************************************************
************************************************************
************************************************************
************************************************************
************************************************************
************************************************************
************************************************************
************************************************************
************************************************************
************************************************************
************************************************************
************************************************************
************************************************************
************************************************************
************************************************************
************************************************************
************************************************************
************************************************************
************************************************************
************************************************************
************************************************************
************************************************************
************************************************************
************************************************************
************************************************************
************************************************************
************************************************************
************************************************************
************************************************************
************************************************************
************************************************************
************************************************************
************************************************************
************************************************************
************************************************************
************************************************************
************************************************************************************************************************************************************************************
************************************************************************************************************************
************************************************************
************************************************************
************************************************************
************************************************************************************************************************************************************************************
************************************************************
************************************************************
************************************************************************************************************************
******************************************************************************************
************************************************************
************************************************************
************************************************************
************************************************************
******************************************************************************************
************************************************************
************************************************************
************************************************************
************************************************************
************************************************************
************************************************************
************************************************************
************************************************************
************************************************************
************************************************************
************************************************************
************************************************************
************************************************************
************************************************************
************************************************************
************************************************************
************************************************************
************************************************************
************************************************************
************************************************************
************************************************************
************************************************************
************************************************************
************************************************************
************************************************************
************************************************************
************************************************************
******************************************************************************************
************************************************************
************************************************************
************************************************************
************************************************************
************************************************************************************************************************
******************************************************************************************
******************************************************************************************
******************************
************************************************************
************************************************************
************************************************************
************************************************************
************************************************************
******************************************************************************************
************************************************************
************************************************************
************************************************************
************************************************************
************************************************************
************************************************************
************************************************************
************************************************************
******************************
************************************************************
************************************************************
************************************************************
************************************************************
******************************************************************************************
************************************************************
************************************************************
************************************************************
************************************************************
